[2025-08-13T03:33:17.000+0000] {local_task_job_runner.py:120} INFO - ::group::Pre task execution logs
[2025-08-13T03:33:17.038+0000] {taskinstance.py:2076} INFO - Dependencies all met for dep_context=non-requeueable deps ti=<TaskInstance: run_all_alerts_and_save_to_postgres.run_alert_macd scheduled__2025-08-13T03:25:00+00:00 [queued]>
[2025-08-13T03:33:17.049+0000] {taskinstance.py:2076} INFO - Dependencies all met for dep_context=requeueable deps ti=<TaskInstance: run_all_alerts_and_save_to_postgres.run_alert_macd scheduled__2025-08-13T03:25:00+00:00 [queued]>
[2025-08-13T03:33:17.050+0000] {taskinstance.py:2306} INFO - Starting attempt 2 of 2
[2025-08-13T03:33:17.064+0000] {taskinstance.py:2330} INFO - Executing <Task(PythonOperator): run_alert_macd> on 2025-08-13 03:25:00+00:00
[2025-08-13T03:33:17.071+0000] {standard_task_runner.py:63} INFO - Started process 374987 to run task
[2025-08-13T03:33:17.077+0000] {standard_task_runner.py:90} INFO - Running: ['***', 'tasks', 'run', 'run_all_alerts_and_save_to_postgres', 'run_alert_macd', 'scheduled__2025-08-13T03:25:00+00:00', '--job-id', '6055', '--raw', '--subdir', 'DAGS_FOLDER/alert_***_project/dags/alert_functions_dag.py', '--cfg-path', '/tmp/tmp6nr3qpuk']
[2025-08-13T03:33:17.078+0000] {standard_task_runner.py:91} INFO - Job 6055: Subtask run_alert_macd
[2025-08-13T03:33:17.133+0000] {task_command.py:426} INFO - Running <TaskInstance: run_all_alerts_and_save_to_postgres.run_alert_macd scheduled__2025-08-13T03:25:00+00:00 [running]> on host 1877907bc043
[2025-08-13T03:33:17.222+0000] {taskinstance.py:2648} INFO - Exporting env vars: AIRFLOW_CTX_DAG_OWNER='alert_system' AIRFLOW_CTX_DAG_ID='run_all_alerts_and_save_to_postgres' AIRFLOW_CTX_TASK_ID='run_alert_macd' AIRFLOW_CTX_EXECUTION_DATE='2025-08-13T03:25:00+00:00' AIRFLOW_CTX_TRY_NUMBER='2' AIRFLOW_CTX_DAG_RUN_ID='scheduled__2025-08-13T03:25:00+00:00'
[2025-08-13T03:33:17.223+0000] {taskinstance.py:430} INFO - ::endgroup::
[2025-08-13T03:33:17.236+0000] {taskinstance.py:441} INFO - ::group::Post task execution logs
[2025-08-13T03:33:17.236+0000] {taskinstance.py:2905} ERROR - Task failed with exception
Traceback (most recent call last):
  File "/home/airflow/.local/lib/python3.10/site-packages/airflow/models/taskinstance.py", line 465, in _execute_task
    result = _execute_callable(context=context, **execute_callable_kwargs)
  File "/home/airflow/.local/lib/python3.10/site-packages/airflow/models/taskinstance.py", line 432, in _execute_callable
    return execute_callable(context=context, **execute_callable_kwargs)
  File "/home/airflow/.local/lib/python3.10/site-packages/airflow/models/baseoperator.py", line 400, in wrapper
    return func(self, *args, **kwargs)
  File "/home/airflow/.local/lib/python3.10/site-packages/airflow/operators/python.py", line 235, in execute
    return_value = self.execute_callable()
  File "/home/airflow/.local/lib/python3.10/site-packages/airflow/operators/python.py", line 252, in execute_callable
    return self.python_callable(*self.op_args, **self.op_kwargs)
  File "/opt/airflow/dags/alert_airflow_project/dags/alert_functions_dag.py", line 24, in run_alert_script
    raise FileNotFoundError(f"❌ Script not found: {script_path}")
FileNotFoundError: ❌ Script not found: /www/server/***/dags/alert_***_project/alert_scripts/Alert_MACD.py
[2025-08-13T03:33:17.245+0000] {taskinstance.py:1206} INFO - Marking task as FAILED. dag_id=run_all_alerts_and_save_to_postgres, task_id=run_alert_macd, run_id=scheduled__2025-08-13T03:25:00+00:00, execution_date=20250813T032500, start_date=20250813T033317, end_date=20250813T033317
[2025-08-13T03:33:17.255+0000] {standard_task_runner.py:110} ERROR - Failed to execute job 6055 for task run_alert_macd (❌ Script not found: /www/server/***/dags/alert_***_project/alert_scripts/Alert_MACD.py; 374987)
[2025-08-13T03:33:17.287+0000] {local_task_job_runner.py:240} INFO - Task exited with return code 1
[2025-08-13T03:33:17.308+0000] {taskinstance.py:3498} INFO - 0 downstream tasks scheduled from follow-on schedule check
[2025-08-13T03:33:17.309+0000] {local_task_job_runner.py:222} INFO - ::endgroup::
