[2025-09-05T12:32:42.860+0000] {local_task_job_runner.py:120} INFO - ::group::Pre task execution logs
[2025-09-05T12:32:42.884+0000] {taskinstance.py:2076} INFO - Dependencies all met for dep_context=non-requeueable deps ti=<TaskInstance: news_pipeline.add_postgre manual__2025-09-05T11:09:55.305363+00:00 [queued]>
[2025-09-05T12:32:42.892+0000] {taskinstance.py:2076} INFO - Dependencies all met for dep_context=requeueable deps ti=<TaskInstance: news_pipeline.add_postgre manual__2025-09-05T11:09:55.305363+00:00 [queued]>
[2025-09-05T12:32:42.892+0000] {taskinstance.py:2306} INFO - Starting attempt 20 of 30
[2025-09-05T12:32:42.905+0000] {taskinstance.py:2330} INFO - Executing <Task(PythonOperator): add_postgre> on 2025-09-05 11:09:55.305363+00:00
[2025-09-05T12:32:42.914+0000] {standard_task_runner.py:63} INFO - Started process 3209211 to run task
[2025-09-05T12:32:42.919+0000] {standard_task_runner.py:90} INFO - Running: ['***', 'tasks', 'run', 'news_pipeline', 'add_postgre', 'manual__2025-09-05T11:09:55.305363+00:00', '--job-id', '115207', '--raw', '--subdir', 'DAGS_FOLDER/dag_news.py', '--cfg-path', '/tmp/tmpdy0dcuka']
[2025-09-05T12:32:42.922+0000] {standard_task_runner.py:91} INFO - Job 115207: Subtask add_postgre
[2025-09-05T12:32:42.975+0000] {task_command.py:426} INFO - Running <TaskInstance: news_pipeline.add_postgre manual__2025-09-05T11:09:55.305363+00:00 [running]> on host 1877907bc043
[2025-09-05T12:32:43.065+0000] {taskinstance.py:2648} INFO - Exporting env vars: AIRFLOW_CTX_DAG_OWNER='***' AIRFLOW_CTX_DAG_ID='news_pipeline' AIRFLOW_CTX_TASK_ID='add_postgre' AIRFLOW_CTX_EXECUTION_DATE='2025-09-05T11:09:55.305363+00:00' AIRFLOW_CTX_TRY_NUMBER='20' AIRFLOW_CTX_DAG_RUN_ID='manual__2025-09-05T11:09:55.305363+00:00'
[2025-09-05T12:32:43.067+0000] {taskinstance.py:430} INFO - ::endgroup::
[2025-09-05T12:32:43.083+0000] {logger.py:11} INFO - ====== WebDriver manager ======
[2025-09-05T12:32:43.287+0000] {logger.py:11} INFO - Get LATEST chromedriver version for google-chrome
[2025-09-05T12:32:43.522+0000] {logger.py:11} INFO - Get LATEST chromedriver version for google-chrome
[2025-09-05T12:32:43.752+0000] {logger.py:11} INFO - There is no [linux64] chromedriver "138.0.7204.183" for browser google-chrome "138.0.7204" in cache
[2025-09-05T12:32:43.753+0000] {logger.py:11} INFO - Get LATEST chromedriver version for google-chrome
[2025-09-05T12:32:44.350+0000] {logger.py:11} INFO - WebDriver version 138.0.7204.183 selected
[2025-09-05T12:32:44.355+0000] {logger.py:11} INFO - Modern chrome version https://storage.googleapis.com/chrome-for-testing-public/138.0.7204.183/linux64/chromedriver-linux64.zip
[2025-09-05T12:32:44.356+0000] {logger.py:11} INFO - About to download new driver from https://storage.googleapis.com/chrome-for-testing-public/138.0.7204.183/linux64/chromedriver-linux64.zip
[2025-09-05T12:32:44.521+0000] {logger.py:11} INFO - Driver downloading response is 200
[2025-09-05T12:32:45.493+0000] {logger.py:11} INFO - Get LATEST chromedriver version for google-chrome
[2025-09-05T12:32:46.006+0000] {logger.py:11} INFO - Driver has been saved in cache [/home/***/.wdm/drivers/chromedriver/linux64/138.0.7204.183]
[2025-09-05T12:32:46.105+0000] {add_postgre.py:46} ERROR - ❌ Lỗi trong add_postgres: Message: session not created
from unknown error: no chrome binary at /snap/chromium/current/usr/lib/chromium-browser/chrome; For documentation on this error, please visit: https://www.selenium.dev/documentation/webdriver/troubleshooting/errors#sessionnotcreatedexception
Stacktrace:
#0 0x565332cad2ca <unknown>
#1 0x565332754550 <unknown>
#2 0x56533278c248 <unknown>
#3 0x565332789d17 <unknown>
#4 0x5653327da19e <unknown>
#5 0x5653327d9766 <unknown>
#6 0x5653327cb993 <unknown>
#7 0x565332797d6b <unknown>
#8 0x565332799141 <unknown>
#9 0x565332c722ab <unknown>
#10 0x565332c760b9 <unknown>
#11 0x565332c59139 <unknown>
#12 0x565332c76c68 <unknown>
#13 0x565332c3d60f <unknown>
#14 0x565332c9b1f8 <unknown>
#15 0x565332c9b3d6 <unknown>
#16 0x565332cac5e6 <unknown>
#17 0x7fb3a27e0134 <unknown>

[2025-09-05T12:32:46.105+0000] {taskinstance.py:441} INFO - ::group::Post task execution logs
[2025-09-05T12:32:46.106+0000] {taskinstance.py:2905} ERROR - Task failed with exception
Traceback (most recent call last):
  File "/home/airflow/.local/lib/python3.10/site-packages/airflow/models/taskinstance.py", line 465, in _execute_task
    result = _execute_callable(context=context, **execute_callable_kwargs)
  File "/home/airflow/.local/lib/python3.10/site-packages/airflow/models/taskinstance.py", line 432, in _execute_callable
    return execute_callable(context=context, **execute_callable_kwargs)
  File "/home/airflow/.local/lib/python3.10/site-packages/airflow/models/baseoperator.py", line 400, in wrapper
    return func(self, *args, **kwargs)
  File "/home/airflow/.local/lib/python3.10/site-packages/airflow/operators/python.py", line 235, in execute
    return_value = self.execute_callable()
  File "/home/airflow/.local/lib/python3.10/site-packages/airflow/operators/python.py", line 252, in execute_callable
    return self.python_callable(*self.op_args, **self.op_kwargs)
  File "/opt/airflow/dags/utils/new_pipeline/add_postgre.py", line 11, in add_postgres
    df=tintuc()
  File "/opt/airflow/dags/utils/new_pipeline/merge.py", line 7, in tintuc
    df1=vietstock()
  File "/opt/airflow/dags/utils/new_pipeline/vietstock_ngay.py", line 28, in vietstock
    driver = webdriver.Chrome(
  File "/home/airflow/.local/lib/python3.10/site-packages/selenium/webdriver/chrome/webdriver.py", line 47, in __init__
    super().__init__(
  File "/home/airflow/.local/lib/python3.10/site-packages/selenium/webdriver/chromium/webdriver.py", line 69, in __init__
    super().__init__(command_executor=executor, options=options)
  File "/home/airflow/.local/lib/python3.10/site-packages/selenium/webdriver/remote/webdriver.py", line 261, in __init__
    self.start_session(capabilities)
  File "/home/airflow/.local/lib/python3.10/site-packages/selenium/webdriver/remote/webdriver.py", line 362, in start_session
    response = self.execute(Command.NEW_SESSION, caps)["value"]
  File "/home/airflow/.local/lib/python3.10/site-packages/selenium/webdriver/remote/webdriver.py", line 454, in execute
    self.error_handler.check_response(response)
  File "/home/airflow/.local/lib/python3.10/site-packages/selenium/webdriver/remote/errorhandler.py", line 232, in check_response
    raise exception_class(message, screen, stacktrace)
selenium.common.exceptions.SessionNotCreatedException: Message: session not created
from unknown error: no chrome binary at /snap/chromium/current/usr/lib/chromium-browser/chrome; For documentation on this error, please visit: https://www.selenium.dev/documentation/webdriver/troubleshooting/errors#sessionnotcreatedexception
Stacktrace:
#0 0x565332cad2ca <unknown>
#1 0x565332754550 <unknown>
#2 0x56533278c248 <unknown>
#3 0x565332789d17 <unknown>
#4 0x5653327da19e <unknown>
#5 0x5653327d9766 <unknown>
#6 0x5653327cb993 <unknown>
#7 0x565332797d6b <unknown>
#8 0x565332799141 <unknown>
#9 0x565332c722ab <unknown>
#10 0x565332c760b9 <unknown>
#11 0x565332c59139 <unknown>
#12 0x565332c76c68 <unknown>
#13 0x565332c3d60f <unknown>
#14 0x565332c9b1f8 <unknown>
#15 0x565332c9b3d6 <unknown>
#16 0x565332cac5e6 <unknown>
#17 0x7fb3a27e0134 <unknown>

[2025-09-05T12:32:46.122+0000] {taskinstance.py:1206} INFO - Marking task as UP_FOR_RETRY. dag_id=news_pipeline, task_id=add_postgre, run_id=manual__2025-09-05T11:09:55.305363+00:00, execution_date=20250905T110955, start_date=20250905T123242, end_date=20250905T123246
[2025-09-05T12:32:46.144+0000] {standard_task_runner.py:110} ERROR - Failed to execute job 115207 for task add_postgre (Message: session not created
from unknown error: no chrome binary at /snap/chromium/current/usr/lib/chromium-browser/chrome; For documentation on this error, please visit: https://www.selenium.dev/documentation/webdriver/troubleshooting/errors#sessionnotcreatedexception
Stacktrace:
#0 0x565332cad2ca <unknown>
#1 0x565332754550 <unknown>
#2 0x56533278c248 <unknown>
#3 0x565332789d17 <unknown>
#4 0x5653327da19e <unknown>
#5 0x5653327d9766 <unknown>
#6 0x5653327cb993 <unknown>
#7 0x565332797d6b <unknown>
#8 0x565332799141 <unknown>
#9 0x565332c722ab <unknown>
#10 0x565332c760b9 <unknown>
#11 0x565332c59139 <unknown>
#12 0x565332c76c68 <unknown>
#13 0x565332c3d60f <unknown>
#14 0x565332c9b1f8 <unknown>
#15 0x565332c9b3d6 <unknown>
#16 0x565332cac5e6 <unknown>
#17 0x7fb3a27e0134 <unknown>
; 3209211)
[2025-09-05T12:32:46.182+0000] {local_task_job_runner.py:240} INFO - Task exited with return code 1
[2025-09-05T12:32:46.225+0000] {taskinstance.py:3498} INFO - 0 downstream tasks scheduled from follow-on schedule check
[2025-09-05T12:32:46.226+0000] {local_task_job_runner.py:222} INFO - ::endgroup::
